Build settings from command line:
    SDKROOT = iphonesimulator7.0

=== BUILD TARGET Pods-register-Bolts OF PROJECT Pods WITH CONFIGURATION Test ===

Check dependencies

=== BUILD TARGET Pods-register-libffi OF PROJECT Pods WITH CONFIGURATION Test ===
Check dependencies

=== BUILD TARGET Pods-register-AFNetworking OF PROJECT Pods WITH CONFIGURATION Test ===
Check dependencies

=== BUILD TARGET Pods-register-CocoaLumberjack OF PROJECT Pods WITH CONFIGURATION Test ===

Check dependencies

=== BUILD TARGET Pods-register-FXBlurView OF PROJECT Pods WITH CONFIGURATION Test ===
Check dependencies

=== BUILD TARGET Pods-register-GBDeviceInfo OF PROJECT Pods WITH CONFIGURATION Test ===
Check dependencies

=== BUILD TARGET Pods-register-HexColors OF PROJECT Pods WITH CONFIGURATION Test ===
Check dependencies

=== BUILD TARGET Pods-register-BlocksKit OF PROJECT Pods WITH CONFIGURATION Test ===
Check dependencies

=== BUILD TARGET HockeySDKResources OF PROJECT Pods WITH CONFIGURATION Test ===

Check dependencies

=== BUILD TARGET Pods-register-JSQSystemSoundPlayer OF PROJECT Pods WITH CONFIGURATION Test ===

Check dependencies

=== BUILD TARGET Pods-register-MagicalRecord OF PROJECT Pods WITH CONFIGURATION Test ===
Check dependencies

=== BUILD TARGET Pods-register-Masonry OF PROJECT Pods WITH CONFIGURATION Test ===

Check dependencies

=== BUILD TARGET Pods-register-Mixpanel OF PROJECT Pods WITH CONFIGURATION Test ===

Check dependencies

=== BUILD TARGET Pods-register-HockeySDK OF PROJECT Pods WITH CONFIGURATION Test ===
Check dependencies

=== BUILD TARGET Pods-register-NPReachability OF PROJECT Pods WITH CONFIGURATION Test ===

Check dependencies

=== BUILD TARGET Pods-register-NSData+Base64 OF PROJECT Pods WITH CONFIGURATION Test ===

Check dependencies

=== BUILD TARGET Pods-register-PayPalHereSDK OF PROJECT Pods WITH CONFIGURATION Test ===

Check dependencies

=== BUILD TARGET Pods-register-SAMCategories OF PROJECT Pods WITH CONFIGURATION Test ===
Check dependencies

=== BUILD TARGET Pods-register-SBJson OF PROJECT Pods WITH CONFIGURATION Test ===
Check dependencies

=== BUILD TARGET SKBackgroundJobModels OF PROJECT Pods WITH CONFIGURATION Test ===

Check dependencies

=== BUILD TARGET Pods-register-SSKeychain OF PROJECT Pods WITH CONFIGURATION Test ===

Check dependencies

=== BUILD TARGET Pods-register-SKBackgroundJob OF PROJECT Pods WITH CONFIGURATION Test ===

Check dependencies

=== BUILD TARGET Pods-register-UIImage+PDF OF PROJECT Pods WITH CONFIGURATION Test ===
Check dependencies

=== BUILD TARGET SKBackofficeSDKResources OF PROJECT Pods WITH CONFIGURATION Test ===
Check dependencies

=== BUILD TARGET Pods-register-STPTransitions OF PROJECT Pods WITH CONFIGURATION Test ===
Check dependencies

=== BUILD TARGET Pods-register-objective-zip OF PROJECT Pods WITH CONFIGURATION Test ===
Check dependencies

=== BUILD TARGET Pods-RegisterAppTests-AFNetworking OF PROJECT Pods WITH CONFIGURATION Test ===

Check dependencies

=== BUILD TARGET Pods-RegisterAppTests-CocoaLumberjack OF PROJECT Pods WITH CONFIGURATION Test ===
Check dependencies

=== BUILD TARGET Pods-register-SKBackofficeSDK OF PROJECT Pods WITH CONFIGURATION Test ===
Check dependencies

=== BUILD TARGET Pods-RegisterAppTests-GBDeviceInfo OF PROJECT Pods WITH CONFIGURATION Test ===

Check dependencies

=== BUILD TARGET Pods-RegisterAppTests-Kiwi OF PROJECT Pods WITH CONFIGURATION Test ===

Check dependencies

=== BUILD TARGET Pods-RegisterAppTests-MagicalRecord OF PROJECT Pods WITH CONFIGURATION Test ===

Check dependencies

=== BUILD TARGET Pods-RegisterAppTests-NSData+Base64 OF PROJECT Pods WITH CONFIGURATION Test ===

Check dependencies

=== BUILD TARGET Pods-RegisterAppTests-Nocilla OF PROJECT Pods WITH CONFIGURATION Test ===

Check dependencies

=== BUILD TARGET Pods-RegisterAppTests-PayPalHereSDK OF PROJECT Pods WITH CONFIGURATION Test ===

Check dependencies

=== BUILD TARGET Pods-RegisterAppTests-SAMCategories OF PROJECT Pods WITH CONFIGURATION Test ===

Check dependencies

=== BUILD TARGET Pods-RegisterAppTests-SBJson OF PROJECT Pods WITH CONFIGURATION Test ===

Check dependencies

=== BUILD TARGET Pods-RegisterAppTests-SKBackgroundJob OF PROJECT Pods WITH CONFIGURATION Test ===

Check dependencies

=== BUILD TARGET Pods-RegisterAppTests-SSKeychain OF PROJECT Pods WITH CONFIGURATION Test ===

Check dependencies

=== BUILD TARGET Pods-RegisterAppTests-UIImage+PDF OF PROJECT Pods WITH CONFIGURATION Test ===

Check dependencies

=== BUILD TARGET Pods-RegisterAppTests-SKBackofficeSDK OF PROJECT Pods WITH CONFIGURATION Test ===

Check dependencies

=== BUILD TARGET Pods-RegisterAppTests OF PROJECT Pods WITH CONFIGURATION Test ===

Check dependencies

=== BUILD TARGET Pods-register OF PROJECT Pods WITH CONFIGURATION Test ===

Check dependencies

=== BUILD TARGET register OF PROJECT Register WITH CONFIGURATION Test ===

Check dependencies

PhaseScriptExecution Check\ Pods\ Manifest.lock /Users/vickeryj/Library/Developer/Xcode/DerivedData/Register-dlmcxgbadhnztsghcqpohfkxibhk/Build/Intermediates/Register.build/Test-iphonesimulator/register.build/Script-CEE1C66B23494DBAACBB3CAA.sh
    cd /Users/vickeryj/Code/ShopKeep/ipad-register
    /bin/sh -c /Users/vickeryj/Library/Developer/Xcode/DerivedData/Register-dlmcxgbadhnztsghcqpohfkxibhk/Build/Intermediates/Register.build/Test-iphonesimulator/register.build/Script-CEE1C66B23494DBAACBB3CAA.sh

PhaseScriptExecution Copy\ Build\ Configuration /Users/vickeryj/Library/Developer/Xcode/DerivedData/Register-dlmcxgbadhnztsghcqpohfkxibhk/Build/Intermediates/Register.build/Test-iphonesimulator/register.build/Script-FD83EF67168B509400B6AADA.sh
    cd /Users/vickeryj/Code/ShopKeep/ipad-register
    setenv ACTION build
    setenv AD_HOC_CODE_SIGNING_ALLOWED NO
    setenv ALTERNATE_GROUP staff
    setenv ALTERNATE_MODE u+w,go-w,a+rX
    setenv ALTERNATE_OWNER vickeryj
    setenv ALWAYS_SEARCH_USER_PATHS YES
    setenv ALWAYS_USE_SEPARATE_HEADERMAPS YES
    setenv APPLE_INTERNAL_DEVELOPER_DIR /AppleInternal/Developer
    setenv APPLE_INTERNAL_DIR /AppleInternal
    setenv APPLE_INTERNAL_DOCUMENTATION_DIR /AppleInternal/Documentation
    setenv APPLE_INTERNAL_LIBRARY_DIR /AppleInternal/Library
    setenv APPLE_INTERNAL_TOOLS /AppleInternal/Developer/Tools
    setenv APPLY_RULES_IN_COPY_FILES NO
    setenv ARCHS i386
    setenv ARCHS_STANDARD i386
    setenv ARCHS_STANDARD_32_64_BIT i386
    setenv ARCHS_STANDARD_32_BIT i386
    setenv ARCHS_STANDARD_64_BIT x86_64
    setenv ARCHS_STANDARD_INCLUDING_64_BIT "i386 x86_64"
    setenv ASSETCATALOG_COMPILER_APPICON_NAME AppIcon
    setenv ASSETCATALOG_COMPILER_LAUNCHIMAGE_NAME LaunchImage
    setenv AVAILABLE_PLATFORMS "iphonesimulator macosx iphoneos"
    setenv BUILD_COMPONENTS "headers build"
    setenv BUILD_DIR /Users/vickeryj/Library/Developer/Xcode/DerivedData/Register-dlmcxgbadhnztsghcqpohfkxibhk/Build/Products
    setenv BUILD_ROOT /Users/vickeryj/Library/Developer/Xcode/DerivedData/Register-dlmcxgbadhnztsghcqpohfkxibhk/Build/Products
    setenv BUILD_STYLE 
    setenv BUILD_VARIANTS normal
    setenv BUILT_PRODUCTS_DIR /Users/vickeryj/Library/Developer/Xcode/DerivedData/Register-dlmcxgbadhnztsghcqpohfkxibhk/Build/Products/Test-iphonesimulator
    setenv CACHE_ROOT /var/folders/4d/rd_m6b915fs8_7rb237k0ym40000gn/C/com.apple.DeveloperTools/5.0.2-5A3005/Xcode
    setenv CCHROOT /var/folders/4d/rd_m6b915fs8_7rb237k0ym40000gn/C/com.apple.DeveloperTools/5.0.2-5A3005/Xcode
    setenv CHMOD /bin/chmod
    setenv CHOWN /usr/sbin/chown
    setenv CLANG_ENABLE_MODULES YES
    setenv CLANG_ENABLE_OBJC_ARC YES
    setenv CLASS_FILE_DIR /Users/vickeryj/Library/Developer/Xcode/DerivedData/Register-dlmcxgbadhnztsghcqpohfkxibhk/Build/Intermediates/Register.build/Test-iphonesimulator/register.build/JavaClasses
    setenv CLEAN_PRECOMPS YES
    setenv CLONE_HEADERS NO
    setenv CODESIGNING_FOLDER_PATH "/Users/vickeryj/Library/Developer/Xcode/DerivedData/Register-dlmcxgbadhnztsghcqpohfkxibhk/Build/Products/Test-iphonesimulator/ShopKeep Register.app"
    setenv CODE_SIGNING_ALLOWED NO
    setenv CODE_SIGN_CONTEXT_CLASS XCiPhoneSimulatorCodeSignContext
    setenv CODE_SIGN_IDENTITY "iPhone Developer"
    setenv COLOR_DIAGNOSTICS NO
    setenv COMBINE_HIDPI_IMAGES NO
    setenv COMMAND_MODE legacy
    setenv COMPOSITE_SDK_DIRS /var/folders/4d/rd_m6b915fs8_7rb237k0ym40000gn/C/com.apple.DeveloperTools/5.0.2-5A3005/Xcode/CompositeSDKs
    setenv COMPRESS_PNG_FILES YES
    setenv CONFIGURATION Test
    setenv CONFIGURATION_BUILD_DIR /Users/vickeryj/Library/Developer/Xcode/DerivedData/Register-dlmcxgbadhnztsghcqpohfkxibhk/Build/Products/Test-iphonesimulator
    setenv CONFIGURATION_TEMP_DIR /Users/vickeryj/Library/Developer/Xcode/DerivedData/Register-dlmcxgbadhnztsghcqpohfkxibhk/Build/Intermediates/Register.build/Test-iphonesimulator
    setenv CONTENTS_FOLDER_PATH "ShopKeep Register.app"
    setenv COPYING_PRESERVES_HFS_DATA NO
    setenv COPY_PHASE_STRIP NO
    setenv COPY_RESOURCES_FROM_STATIC_FRAMEWORKS YES
    setenv CP /bin/cp
    setenv CREATE_INFOPLIST_SECTION_IN_BINARY NO
    setenv CURRENT_ARCH i386
    setenv CURRENT_VARIANT normal
    setenv DEAD_CODE_STRIPPING NO
    setenv DEBUGGING_SYMBOLS YES
    setenv DEBUG_INFORMATION_FORMAT dwarf-with-dsym
    setenv DEFAULT_COMPILER com.apple.compilers.llvm.clang.1_0
    setenv DEFAULT_KEXT_INSTALL_PATH /System/Library/Extensions
    setenv DEPLOYMENT_LOCATION NO
    setenv DEPLOYMENT_POSTPROCESSING NO
    setenv DERIVED_FILES_DIR /Users/vickeryj/Library/Developer/Xcode/DerivedData/Register-dlmcxgbadhnztsghcqpohfkxibhk/Build/Intermediates/Register.build/Test-iphonesimulator/register.build/DerivedSources
    setenv DERIVED_FILE_DIR /Users/vickeryj/Library/Developer/Xcode/DerivedData/Register-dlmcxgbadhnztsghcqpohfkxibhk/Build/Intermediates/Register.build/Test-iphonesimulator/register.build/DerivedSources
    setenv DERIVED_SOURCES_DIR /Users/vickeryj/Library/Developer/Xcode/DerivedData/Register-dlmcxgbadhnztsghcqpohfkxibhk/Build/Intermediates/Register.build/Test-iphonesimulator/register.build/DerivedSources
    setenv DEVELOPER_APPLICATIONS_DIR /Applications/Xcode.app/Contents/Developer/Applications
    setenv DEVELOPER_BIN_DIR /Applications/Xcode.app/Contents/Developer/usr/bin
    setenv DEVELOPER_DIR /Applications/Xcode.app/Contents/Developer
    setenv DEVELOPER_FRAMEWORKS_DIR /Applications/Xcode.app/Contents/Developer/Library/Frameworks
    setenv DEVELOPER_FRAMEWORKS_DIR_QUOTED /Applications/Xcode.app/Contents/Developer/Library/Frameworks
    setenv DEVELOPER_LIBRARY_DIR /Applications/Xcode.app/Contents/Developer/Library
    setenv DEVELOPER_SDK_DIR /Applications/Xcode.app/Contents/Developer/Platforms/MacOSX.platform/Developer/SDKs
    setenv DEVELOPER_TOOLS_DIR /Applications/Xcode.app/Contents/Developer/Tools
    setenv DEVELOPER_USR_DIR /Applications/Xcode.app/Contents/Developer/usr
    setenv DEVELOPMENT_LANGUAGE English
    setenv DOCUMENTATION_FOLDER_PATH "ShopKeep Register.app/English.lproj/Documentation"
    setenv DO_HEADER_SCANNING_IN_JAM NO
    setenv DSTROOT /tmp/Register.dst
    setenv DT_TOOLCHAIN_DIR /Applications/Xcode.app/Contents/Developer/Toolchains/XcodeDefault.xctoolchain
    setenv DWARF_DSYM_FILE_NAME "ShopKeep Register.app.dSYM"
    setenv DWARF_DSYM_FILE_SHOULD_ACCOMPANY_PRODUCT NO
    setenv DWARF_DSYM_FOLDER_PATH /Users/vickeryj/Library/Developer/Xcode/DerivedData/Register-dlmcxgbadhnztsghcqpohfkxibhk/Build/Products/Test-iphonesimulator
    setenv EFFECTIVE_PLATFORM_NAME -iphonesimulator
    setenv ENABLE_HEADER_DEPENDENCIES YES
    setenv EXCLUDED_INSTALLSRC_SUBDIRECTORY_PATTERNS ".DS_Store .svn .git .hg CVS"
    setenv EXCLUDED_RECURSIVE_SEARCH_PATH_SUBDIRECTORIES "*.nib *.lproj *.framework *.gch (*) .DS_Store CVS .svn .git .hg *.xcodeproj *.xcode *.pbproj *.pbxproj"
    setenv EXECUTABLES_FOLDER_PATH "ShopKeep Register.app/Executables"
    setenv EXECUTABLE_FOLDER_PATH "ShopKeep Register.app"
    setenv EXECUTABLE_NAME "ShopKeep Register"
    setenv EXECUTABLE_PATH "ShopKeep Register.app/ShopKeep Register"
    setenv FILE_LIST /Users/vickeryj/Library/Developer/Xcode/DerivedData/Register-dlmcxgbadhnztsghcqpohfkxibhk/Build/Intermediates/Register.build/Test-iphonesimulator/register.build/Objects/LinkFileList
    setenv FIXED_FILES_DIR /Users/vickeryj/Library/Developer/Xcode/DerivedData/Register-dlmcxgbadhnztsghcqpohfkxibhk/Build/Intermediates/Register.build/Test-iphonesimulator/register.build/FixedFiles
    setenv FRAMEWORKS_FOLDER_PATH "ShopKeep Register.app/Frameworks"
    setenv FRAMEWORK_FLAG_PREFIX -framework
    setenv FRAMEWORK_SEARCH_PATHS "/Users/vickeryj/Library/Developer/Xcode/DerivedData/Register-dlmcxgbadhnztsghcqpohfkxibhk/Build/Products/Test-iphonesimulator \"/Users/vickeryj/Code/ShopKeep/ipad-register/Pods/HockeySDK/Vendor\" \"/Users/vickeryj/Code/ShopKeep/ipad-register/Pods/PayPalHereSDK/SDK/nohw/Release/\" \"/Users/vickeryj/Code/ShopKeep/ipad-register/Pods/SKBackofficeSDK/vendors\" \"/Users/vickeryj/Code/ShopKeep/ipad-register/vendor/Printer\""
    setenv FRAMEWORK_VERSION A
    setenv FULL_PRODUCT_NAME "ShopKeep Register.app"
    setenv GCC3_VERSION 3.3
    setenv GCC_C_LANGUAGE_STANDARD c99
    setenv GCC_DYNAMIC_NO_PIC NO
    setenv GCC_GENERATE_TEST_COVERAGE_FILES YES
    setenv GCC_INLINES_ARE_PRIVATE_EXTERN YES
    setenv GCC_INSTRUMENT_PROGRAM_FLOW_ARCS YES
    setenv GCC_OBJC_LEGACY_DISPATCH YES
    setenv GCC_OPTIMIZATION_LEVEL s
    setenv GCC_PFE_FILE_C_DIALECTS "c objective-c c++ objective-c++"
    setenv GCC_PRECOMPILE_PREFIX_HEADER YES
    setenv GCC_PREFIX_HEADER Register_Prefix.pch
    setenv GCC_PREPROCESSOR_DEFINITIONS " COCOAPODS=1  BITHOCKEY_VERSION=\"@\\\"3.5.0rc2\\\"\""
    setenv GCC_PREPROCESSOR_DEFINITIONS_NOT_USED_IN_PRECOMPS "CONFIGURATION=Test Configuration_Test"
    setenv GCC_SYMBOLS_PRIVATE_EXTERN NO
    setenv GCC_TREAT_IMPLICIT_FUNCTION_DECLARATIONS_AS_ERRORS YES
    setenv GCC_TREAT_INCOMPATIBLE_POINTER_TYPE_WARNINGS_AS_ERRORS YES
    setenv GCC_TREAT_WARNINGS_AS_ERRORS YES
    setenv GCC_VERSION com.apple.compilers.llvm.clang.1_0
    setenv GCC_VERSION_IDENTIFIER com_apple_compilers_llvm_clang_1_0
    setenv GCC_WARN_ABOUT_RETURN_TYPE YES
    setenv GCC_WARN_UNDECLARED_SELECTOR YES
    setenv GCC_WARN_UNUSED_VARIABLE YES
    setenv GENERATE_MASTER_OBJECT_FILE NO
    setenv GENERATE_PKGINFO_FILE YES
    setenv GENERATE_PROFILING_CODE NO
    setenv GID 20
    setenv GROUP staff
    setenv HEADERMAP_INCLUDES_FLAT_ENTRIES_FOR_TARGET_BEING_BUILT YES
    setenv HEADERMAP_INCLUDES_FRAMEWORK_ENTRIES_FOR_ALL_PRODUCT_TYPES YES
    setenv HEADERMAP_INCLUDES_NONPUBLIC_NONPRIVATE_HEADERS YES
    setenv HEADERMAP_INCLUDES_PROJECT_HEADERS YES
    setenv HEADER_SEARCH_PATHS "/Users/vickeryj/Library/Developer/Xcode/DerivedData/Register-dlmcxgbadhnztsghcqpohfkxibhk/Build/Products/Test-iphonesimulator/include \"/Users/vickeryj/Code/ShopKeep/ipad-register/Pods/Headers\" \"/Users/vickeryj/Code/ShopKeep/ipad-register/Pods/Headers/AFNetworking\" \"/Users/vickeryj/Code/ShopKeep/ipad-register/Pods/Headers/BlocksKit\" \"/Users/vickeryj/Code/ShopKeep/ipad-register/Pods/Headers/Bolts\" \"/Users/vickeryj/Code/ShopKeep/ipad-register/Pods/Headers/CocoaLumberjack\" \"/Users/vickeryj/Code/ShopKeep/ipad-register/Pods/Headers/Expecta\" \"/Users/vickeryj/Code/ShopKeep/ipad-register/Pods/Headers/FXBlurView\" \"/Users/vickeryj/Code/ShopKeep/ipad-register/Pods/Headers/GBDeviceInfo\" \"/Users/vickeryj/Code/ShopKeep/ipad-register/Pods/Headers/HexColors\" \"/Users/vickeryj/Code/ShopKeep/ipad-register/Pods/Headers/HockeySDK\" \"/Users/vickeryj/Code/ShopKeep/ipad-register/Pods/Headers/JSQSystemSoundPlayer\" \"/Users/vickeryj/Code/ShopKeep/ipad-register/Pods/Headers/KIF\" \"/Users/vickeryj/Code/ShopKeep/ipad-register/Pods/Headers/Kiwi\" \"/Users/vickeryj/Code/ShopKeep/ipad-register/Pods/Headers/MagicalRecord\" \"/Users/vickeryj/Code/ShopKeep/ipad-register/Pods/Headers/Masonry\" \"/Users/vickeryj/Code/ShopKeep/ipad-register/Pods/Headers/Mixpanel\" \"/Users/vickeryj/Code/ShopKeep/ipad-register/Pods/Headers/NPReachability\" \"/Users/vickeryj/Code/ShopKeep/ipad-register/Pods/Headers/NSData+Base64\" \"/Users/vickeryj/Code/ShopKeep/ipad-register/Pods/Headers/Nocilla\" \"/Users/vickeryj/Code/ShopKeep/ipad-register/Pods/Headers/OCMock\" \"/Users/vickeryj/Code/ShopKeep/ipad-register/Pods/Headers/PayPalHereSDK\" \"/Users/vickeryj/Code/ShopKeep/ipad-register/Pods/Headers/SAMCategories\" \"/Users/vickeryj/Code/ShopKeep/ipad-register/Pods/Headers/SBJson\" \"/Users/vickeryj/Code/ShopKeep/ipad-register/Pods/Headers/SKBackgroundJob\" \"/Users/vickeryj/Code/ShopKeep/ipad-register/Pods/Headers/SKBackofficeSDK\" \"/Users/vickeryj/Code/ShopKeep/ipad-register/Pods/Headers/SSKeychain\" \"/Users/vickeryj/Code/ShopKeep/ipad-register/Pods/Headers/STPTransitions\" \"/Users/vickeryj/Code/ShopKeep/ipad-register/Pods/Headers/Specta\" \"/Users/vickeryj/Code/ShopKeep/ipad-register/Pods/Headers/UIImage+PDF\" \"/Users/vickeryj/Code/ShopKeep/ipad-register/Pods/Headers/libffi\" \"/Users/vickeryj/Code/ShopKeep/ipad-register/Pods/Headers/objective-zip\""
    setenv ICONV /usr/bin/iconv
    setenv INFOPLIST_EXPAND_BUILD_SETTINGS YES
    setenv INFOPLIST_FILE Register.plist
    setenv INFOPLIST_OUTPUT_FORMAT binary
    setenv INFOPLIST_PATH "ShopKeep Register.app/Info.plist"
    setenv INFOPLIST_PREPROCESS NO
    setenv INFOSTRINGS_PATH "ShopKeep Register.app/English.lproj/InfoPlist.strings"
    setenv INSTALL_DIR /tmp/Register.dst/Applications
    setenv INSTALL_GROUP staff
    setenv INSTALL_MODE_FLAG u+w,go-w,a+rX
    setenv INSTALL_OWNER vickeryj
    setenv INSTALL_PATH /Applications
    setenv INSTALL_ROOT /tmp/Register.dst
    setenv IPHONEOS_DEPLOYMENT_TARGET 7.0
    setenv JAVAC_DEFAULT_FLAGS "-J-Xms64m -J-XX:NewSize=4M -J-Dfile.encoding=UTF8"
    setenv JAVA_APP_STUB /System/Library/Frameworks/JavaVM.framework/Resources/MacOS/JavaApplicationStub
    setenv JAVA_ARCHIVE_CLASSES YES
    setenv JAVA_ARCHIVE_TYPE JAR
    setenv JAVA_COMPILER /usr/bin/javac
    setenv JAVA_FOLDER_PATH "ShopKeep Register.app/Java"
    setenv JAVA_FRAMEWORK_RESOURCES_DIRS Resources
    setenv JAVA_JAR_FLAGS cv
    setenv JAVA_SOURCE_SUBDIR .
    setenv JAVA_USE_DEPENDENCIES YES
    setenv JAVA_ZIP_FLAGS -urg
    setenv JIKES_DEFAULT_FLAGS "+E +OLDCSO"
    setenv KEEP_PRIVATE_EXTERNS NO
    setenv LD_DEPENDENCY_INFO_FILE "/Users/vickeryj/Library/Developer/Xcode/DerivedData/Register-dlmcxgbadhnztsghcqpohfkxibhk/Build/Intermediates/Register.build/Test-iphonesimulator/register.build/Objects-normal/i386/ShopKeep Register_dependency_info.dat"
    setenv LD_GENERATE_MAP_FILE NO
    setenv LD_MAP_FILE_PATH "/Users/vickeryj/Library/Developer/Xcode/DerivedData/Register-dlmcxgbadhnztsghcqpohfkxibhk/Build/Intermediates/Register.build/Test-iphonesimulator/register.build/ShopKeep Register-LinkMap-normal-i386.txt"
    setenv LD_NO_PIE NO
    setenv LD_QUOTE_LINKER_ARGUMENTS_FOR_COMPILER_DRIVER YES
    setenv LEGACY_DEVELOPER_DIR /Applications/Xcode.app/Contents/PlugIns/Xcode3Core.ideplugin/Contents/SharedSupport/Developer
    setenv LEX lex
    setenv LIBRARY_FLAG_NOSPACE YES
    setenv LIBRARY_FLAG_PREFIX -l
    setenv LIBRARY_KEXT_INSTALL_PATH /Library/Extensions
    setenv LIBRARY_SEARCH_PATHS "/Users/vickeryj/Library/Developer/Xcode/DerivedData/Register-dlmcxgbadhnztsghcqpohfkxibhk/Build/Products/Test-iphonesimulator  \"/Users/vickeryj/Code/ShopKeep/ipad-register/vendor/MagTek\""
    setenv LINKER_DISPLAYS_MANGLED_NAMES NO
    setenv LINK_FILE_LIST_normal_i386 "/Users/vickeryj/Library/Developer/Xcode/DerivedData/Register-dlmcxgbadhnztsghcqpohfkxibhk/Build/Intermediates/Register.build/Test-iphonesimulator/register.build/Objects-normal/i386/ShopKeep Register.LinkFileList"
    setenv LINK_WITH_STANDARD_LIBRARIES YES
    setenv LOCALIZED_RESOURCES_FOLDER_PATH "ShopKeep Register.app/English.lproj"
    setenv LOCAL_ADMIN_APPS_DIR /Applications/Utilities
    setenv LOCAL_APPS_DIR /Applications
    setenv LOCAL_DEVELOPER_DIR /Library/Developer
    setenv LOCAL_LIBRARY_DIR /Library
    setenv MACH_O_TYPE mh_execute
    setenv MACOSX_DEPLOYMENT_TARGET 10.6
    setenv MAC_OS_X_PRODUCT_BUILD_VERSION 13C64
    setenv MAC_OS_X_VERSION_ACTUAL 1092
    setenv MAC_OS_X_VERSION_MAJOR 1090
    setenv MAC_OS_X_VERSION_MINOR 0902
    setenv MODULE_CACHE_DIR /Users/vickeryj/Library/Developer/Xcode/DerivedData/ModuleCache
    setenv NATIVE_ARCH i386
    setenv NATIVE_ARCH_32_BIT i386
    setenv NATIVE_ARCH_64_BIT x86_64
    setenv NATIVE_ARCH_ACTUAL x86_64
    setenv NO_COMMON YES
    setenv OBJC_ABI_VERSION 2
    setenv OBJECT_FILE_DIR /Users/vickeryj/Library/Developer/Xcode/DerivedData/Register-dlmcxgbadhnztsghcqpohfkxibhk/Build/Intermediates/Register.build/Test-iphonesimulator/register.build/Objects
    setenv OBJECT_FILE_DIR_normal /Users/vickeryj/Library/Developer/Xcode/DerivedData/Register-dlmcxgbadhnztsghcqpohfkxibhk/Build/Intermediates/Register.build/Test-iphonesimulator/register.build/Objects-normal
    setenv OBJROOT /Users/vickeryj/Library/Developer/Xcode/DerivedData/Register-dlmcxgbadhnztsghcqpohfkxibhk/Build/Intermediates
    setenv ONLY_ACTIVE_ARCH NO
    setenv OPTIMIZATION_LEVEL 0
    setenv OS MACOS
    setenv OSAC /usr/bin/osacompile
    setenv OTHER_LDFLAGS "-ObjC -Wl,-no_compact_unwind -lsqlite3.0 -lz -framework Accelerate -framework AudioToolbox -framework CFNetwork -framework CoreData -framework CoreGraphics -framework CoreLocation -framework CoreTelephony -framework CoreText -framework CrashReporter -framework ExternalAccessory -framework Foundation -framework MessageUI -framework MobileCoreServices -framework PayPalHereSDK -framework QuartzCore -framework Security -framework StarIO -framework SystemConfiguration -framework UIKit"
    setenv PACKAGE_TYPE com.apple.package-type.wrapper.application
    setenv PASCAL_STRINGS YES
    setenv PATH "/Applications/Xcode.app/Contents/Developer/Toolchains/XcodeDefault.xctoolchain/usr/bin:/Applications/Xcode.app/Contents/Developer/Toolchains/XcodeDefault.xctoolchain/usr/libexec:/Applications/Xcode.app/Contents/Developer/Platforms/iPhoneSimulator.platform/Developer/usr/bin:/Applications/Xcode.app/Contents/Developer/Platforms/iPhoneSimulator.platform/Developer/usr/local/bin:/Applications/Xcode.app/Contents/Developer/Platforms/iPhoneSimulator.platform/usr/bin:/Applications/Xcode.app/Contents/Developer/Platforms/iPhoneSimulator.platform/usr/local/bin:/Applications/Xcode.app/Contents/Developer/usr/bin:/Applications/Xcode.app/Contents/Developer/usr/local/bin:/Applications/Xcode.app/Contents/Developer/Tools:/opt/local/bin:/opt/local/sbin:/Users/vickeryj/.rvm/gems/ruby-1.9.3-p194/bin:/Users/vickeryj/.rvm/gems/ruby-1.9.3-p194@global/bin:/Users/vickeryj/.rvm/rubies/ruby-1.9.3-p194/bin:/Users/vickeryj/.rvm/bin:/Users/vickeryj/bin:/usr/bin:/bin:/usr/sbin:/sbin:/usr/local/bin:/usr/local/git/bin:/Users/vickeryj/Programs/mongodb-osx-i386-2.0.6/bin"
    setenv PATH_PREFIXES_EXCLUDED_FROM_HEADER_DEPENDENCIES "/usr/include /usr/local/include /System/Library/Frameworks /System/Library/PrivateFrameworks /Applications/Xcode.app/Contents/Developer/Headers /Applications/Xcode.app/Contents/Developer/SDKs /Applications/Xcode.app/Contents/Developer/Platforms"
    setenv PBDEVELOPMENTPLIST_PATH "ShopKeep Register.app/pbdevelopment.plist"
    setenv PFE_FILE_C_DIALECTS objective-c
    setenv PKGINFO_FILE_PATH /Users/vickeryj/Library/Developer/Xcode/DerivedData/Register-dlmcxgbadhnztsghcqpohfkxibhk/Build/Intermediates/Register.build/Test-iphonesimulator/register.build/PkgInfo
    setenv PKGINFO_PATH "ShopKeep Register.app/PkgInfo"
    setenv PLATFORM_DEVELOPER_APPLICATIONS_DIR /Applications/Xcode.app/Contents/Developer/Platforms/iPhoneSimulator.platform/Developer/Applications
    setenv PLATFORM_DEVELOPER_BIN_DIR /Applications/Xcode.app/Contents/Developer/Platforms/iPhoneSimulator.platform/Developer/usr/bin
    setenv PLATFORM_DEVELOPER_LIBRARY_DIR /Applications/Xcode.app/Contents/PlugIns/Xcode3Core.ideplugin/Contents/SharedSupport/Developer/Library
    setenv PLATFORM_DEVELOPER_SDK_DIR /Applications/Xcode.app/Contents/Developer/Platforms/iPhoneSimulator.platform/Developer/SDKs
    setenv PLATFORM_DEVELOPER_TOOLS_DIR /Applications/Xcode.app/Contents/Developer/Platforms/iPhoneSimulator.platform/Developer/Tools
    setenv PLATFORM_DEVELOPER_USR_DIR /Applications/Xcode.app/Contents/Developer/Platforms/iPhoneSimulator.platform/Developer/usr
    setenv PLATFORM_DIR /Applications/Xcode.app/Contents/Developer/Platforms/iPhoneSimulator.platform
    setenv PLATFORM_NAME iphonesimulator
    setenv PLATFORM_PREFERRED_ARCH i386
    setenv PLATFORM_PRODUCT_BUILD_VERSION 11B508
    setenv PLATFORM_VERSION_AVAILABILITY_H_FORMAT 70000
    setenv PLIST_FILE_OUTPUT_FORMAT binary
    setenv PLUGINS_FOLDER_PATH "ShopKeep Register.app/PlugIns"
    setenv PODS_ROOT /Users/vickeryj/Code/ShopKeep/ipad-register/Pods
    setenv PRECOMPS_INCLUDE_HEADERS_FROM_BUILT_PRODUCTS_DIR YES
    setenv PRECOMP_DESTINATION_DIR /Users/vickeryj/Library/Developer/Xcode/DerivedData/Register-dlmcxgbadhnztsghcqpohfkxibhk/Build/Intermediates/Register.build/Test-iphonesimulator/register.build/PrefixHeaders
    setenv PRESERVE_DEAD_CODE_INITS_AND_TERMS NO
    setenv PRIVATE_HEADERS_FOLDER_PATH "ShopKeep Register.app/PrivateHeaders"
    setenv PRODUCT_NAME "ShopKeep Register"
    setenv PRODUCT_SETTINGS_PATH /Users/vickeryj/Code/ShopKeep/ipad-register/Register.plist
    setenv PRODUCT_TYPE com.apple.product-type.application
    setenv PROFILING_CODE NO
    setenv PROJECT Register
    setenv PROJECT_DERIVED_FILE_DIR /Users/vickeryj/Library/Developer/Xcode/DerivedData/Register-dlmcxgbadhnztsghcqpohfkxibhk/Build/Intermediates/Register.build/DerivedSources
    setenv PROJECT_DIR /Users/vickeryj/Code/ShopKeep/ipad-register
    setenv PROJECT_FILE_PATH /Users/vickeryj/Code/ShopKeep/ipad-register/Register.xcodeproj
    setenv PROJECT_NAME Register
    setenv PROJECT_TEMP_DIR /Users/vickeryj/Library/Developer/Xcode/DerivedData/Register-dlmcxgbadhnztsghcqpohfkxibhk/Build/Intermediates/Register.build
    setenv PROJECT_TEMP_ROOT /Users/vickeryj/Library/Developer/Xcode/DerivedData/Register-dlmcxgbadhnztsghcqpohfkxibhk/Build/Intermediates
    setenv PUBLIC_HEADERS_FOLDER_PATH "ShopKeep Register.app/Headers"
    setenv RECURSIVE_SEARCH_PATHS_FOLLOW_SYMLINKS YES
    setenv REMOVE_CVS_FROM_RESOURCES YES
    setenv REMOVE_GIT_FROM_RESOURCES YES
    setenv REMOVE_HG_FROM_RESOURCES YES
    setenv REMOVE_SVN_FROM_RESOURCES YES
    setenv REZ_COLLECTOR_DIR /Users/vickeryj/Library/Developer/Xcode/DerivedData/Register-dlmcxgbadhnztsghcqpohfkxibhk/Build/Intermediates/Register.build/Test-iphonesimulator/register.build/ResourceManagerResources
    setenv REZ_OBJECTS_DIR /Users/vickeryj/Library/Developer/Xcode/DerivedData/Register-dlmcxgbadhnztsghcqpohfkxibhk/Build/Intermediates/Register.build/Test-iphonesimulator/register.build/ResourceManagerResources/Objects
    setenv REZ_SEARCH_PATHS "/Users/vickeryj/Library/Developer/Xcode/DerivedData/Register-dlmcxgbadhnztsghcqpohfkxibhk/Build/Products/Test-iphonesimulator "
    setenv RUN_CLANG_STATIC_ANALYZER NO
    setenv SCAN_ALL_SOURCE_FILES_FOR_INCLUDES YES
    setenv SCRIPTS_FOLDER_PATH "ShopKeep Register.app/Scripts"
    setenv SCRIPT_INPUT_FILE_COUNT 0
    setenv SCRIPT_OUTPUT_FILE_COUNT 0
    setenv SDKROOT /Applications/Xcode.app/Contents/Developer/Platforms/iPhoneSimulator.platform/Developer/SDKs/iPhoneSimulator7.0.sdk
    setenv SDK_DIR /Applications/Xcode.app/Contents/Developer/Platforms/iPhoneSimulator.platform/Developer/SDKs/iPhoneSimulator7.0.sdk
    setenv SDK_NAME iphonesimulator7.0
    setenv SDK_PRODUCT_BUILD_VERSION 11B508
    setenv SED /usr/bin/sed
    setenv SEPARATE_STRIP NO
    setenv SEPARATE_SYMBOL_EDIT NO
    setenv SET_DIR_MODE_OWNER_GROUP YES
    setenv SET_FILE_MODE_OWNER_GROUP NO
    setenv SHALLOW_BUNDLE YES
    setenv SHARED_DERIVED_FILE_DIR /Users/vickeryj/Library/Developer/Xcode/DerivedData/Register-dlmcxgbadhnztsghcqpohfkxibhk/Build/Products/Test-iphonesimulator/DerivedSources
    setenv SHARED_FRAMEWORKS_FOLDER_PATH "ShopKeep Register.app/SharedFrameworks"
    setenv SHARED_PRECOMPS_DIR /Users/vickeryj/Library/Developer/Xcode/DerivedData/Register-dlmcxgbadhnztsghcqpohfkxibhk/Build/Intermediates/PrecompiledHeaders
    setenv SHARED_SUPPORT_FOLDER_PATH "ShopKeep Register.app/SharedSupport"
    setenv SKIP_INSTALL NO
    setenv SOURCE_ROOT /Users/vickeryj/Code/ShopKeep/ipad-register
    setenv SRCROOT /Users/vickeryj/Code/ShopKeep/ipad-register
    setenv STRINGS_FILE_OUTPUT_ENCODING binary
    setenv STRIP_INSTALLED_PRODUCT YES
    setenv STRIP_STYLE all
    setenv SUPPORTED_DEVICE_FAMILIES "1 2"
    setenv SUPPORTED_PLATFORMS "iphonesimulator iphoneos"
    setenv SYMROOT /Users/vickeryj/Library/Developer/Xcode/DerivedData/Register-dlmcxgbadhnztsghcqpohfkxibhk/Build/Products
    setenv SYSTEM_ADMIN_APPS_DIR /Applications/Utilities
    setenv SYSTEM_APPS_DIR /Applications
    setenv SYSTEM_CORE_SERVICES_DIR /System/Library/CoreServices
    setenv SYSTEM_DEMOS_DIR /Applications/Extras
    setenv SYSTEM_DEVELOPER_APPS_DIR /Applications/Xcode.app/Contents/Developer/Applications
    setenv SYSTEM_DEVELOPER_BIN_DIR /Applications/Xcode.app/Contents/Developer/usr/bin
    setenv SYSTEM_DEVELOPER_DEMOS_DIR "/Applications/Xcode.app/Contents/Developer/Applications/Utilities/Built Examples"
    setenv SYSTEM_DEVELOPER_DIR /Applications/Xcode.app/Contents/Developer
    setenv SYSTEM_DEVELOPER_DOC_DIR "/Applications/Xcode.app/Contents/Developer/ADC Reference Library"
    setenv SYSTEM_DEVELOPER_GRAPHICS_TOOLS_DIR "/Applications/Xcode.app/Contents/Developer/Applications/Graphics Tools"
    setenv SYSTEM_DEVELOPER_JAVA_TOOLS_DIR "/Applications/Xcode.app/Contents/Developer/Applications/Java Tools"
    setenv SYSTEM_DEVELOPER_PERFORMANCE_TOOLS_DIR "/Applications/Xcode.app/Contents/Developer/Applications/Performance Tools"
    setenv SYSTEM_DEVELOPER_RELEASENOTES_DIR "/Applications/Xcode.app/Contents/Developer/ADC Reference Library/releasenotes"
    setenv SYSTEM_DEVELOPER_TOOLS /Applications/Xcode.app/Contents/Developer/Tools
    setenv SYSTEM_DEVELOPER_TOOLS_DOC_DIR "/Applications/Xcode.app/Contents/Developer/ADC Reference Library/documentation/DeveloperTools"
    setenv SYSTEM_DEVELOPER_TOOLS_RELEASENOTES_DIR "/Applications/Xcode.app/Contents/Developer/ADC Reference Library/releasenotes/DeveloperTools"
    setenv SYSTEM_DEVELOPER_USR_DIR /Applications/Xcode.app/Contents/Developer/usr
    setenv SYSTEM_DEVELOPER_UTILITIES_DIR /Applications/Xcode.app/Contents/Developer/Applications/Utilities
    setenv SYSTEM_DOCUMENTATION_DIR /Library/Documentation
    setenv SYSTEM_KEXT_INSTALL_PATH /System/Library/Extensions
    setenv SYSTEM_LIBRARY_DIR /System/Library
    setenv TARGETED_DEVICE_FAMILY 2
    setenv TARGETNAME register
    setenv TARGET_BUILD_DIR /Users/vickeryj/Library/Developer/Xcode/DerivedData/Register-dlmcxgbadhnztsghcqpohfkxibhk/Build/Products/Test-iphonesimulator
    setenv TARGET_NAME register
    setenv TARGET_TEMP_DIR /Users/vickeryj/Library/Developer/Xcode/DerivedData/Register-dlmcxgbadhnztsghcqpohfkxibhk/Build/Intermediates/Register.build/Test-iphonesimulator/register.build
    setenv TEMP_DIR /Users/vickeryj/Library/Developer/Xcode/DerivedData/Register-dlmcxgbadhnztsghcqpohfkxibhk/Build/Intermediates/Register.build/Test-iphonesimulator/register.build
    setenv TEMP_FILES_DIR /Users/vickeryj/Library/Developer/Xcode/DerivedData/Register-dlmcxgbadhnztsghcqpohfkxibhk/Build/Intermediates/Register.build/Test-iphonesimulator/register.build
    setenv TEMP_FILE_DIR /Users/vickeryj/Library/Developer/Xcode/DerivedData/Register-dlmcxgbadhnztsghcqpohfkxibhk/Build/Intermediates/Register.build/Test-iphonesimulator/register.build
    setenv TEMP_ROOT /Users/vickeryj/Library/Developer/Xcode/DerivedData/Register-dlmcxgbadhnztsghcqpohfkxibhk/Build/Intermediates
    setenv TOOLCHAINS com.apple.dt.toolchain.XcodeDefault
    setenv UID 501
    setenv UNLOCALIZED_RESOURCES_FOLDER_PATH "ShopKeep Register.app"
    setenv UNSTRIPPED_PRODUCT NO
    setenv USER vickeryj
    setenv USER_APPS_DIR /Users/vickeryj/Applications
    setenv USER_LIBRARY_DIR /Users/vickeryj/Library
    setenv USE_DYNAMIC_NO_PIC YES
    setenv USE_HEADERMAP YES
    setenv USE_HEADER_SYMLINKS NO
    setenv VALIDATE_PRODUCT NO
    setenv VALID_ARCHS "i386 x86_64"
    setenv VERBOSE_PBXCP NO
    setenv VERSIONPLIST_PATH "ShopKeep Register.app/version.plist"
    setenv VERSION_INFO_BUILDER vickeryj
    setenv VERSION_INFO_FILE "ShopKeep Register_vers.c"
    setenv VERSION_INFO_STRING "\"@(#)PROGRAM:ShopKeep Register  PROJECT:Register-\""
    setenv WRAPPER_EXTENSION app
    setenv WRAPPER_NAME "ShopKeep Register.app"
    setenv WRAPPER_SUFFIX .app
    setenv XCODE_APP_SUPPORT_DIR /Applications/Xcode.app/Contents/Developer/Library/Xcode
    setenv XCODE_PRODUCT_BUILD_VERSION 5A3005
    setenv XCODE_VERSION_ACTUAL 0502
    setenv XCODE_VERSION_MAJOR 0500
    setenv XCODE_VERSION_MINOR 0500
    setenv XPCSERVICES_FOLDER_PATH "ShopKeep Register.app/XPCServices"
    setenv YACC yacc
    setenv arch i386
    setenv variant normal
    /bin/sh -c /Users/vickeryj/Library/Developer/Xcode/DerivedData/Register-dlmcxgbadhnztsghcqpohfkxibhk/Build/Intermediates/Register.build/Test-iphonesimulator/register.build/Script-FD83EF67168B509400B6AADA.sh
### Copying build configuration ###

PhaseScriptExecution Copy\ Pods\ Resources /Users/vickeryj/Library/Developer/Xcode/DerivedData/Register-dlmcxgbadhnztsghcqpohfkxibhk/Build/Intermediates/Register.build/Test-iphonesimulator/register.build/Script-52C7B392640A4CDDB5B85816.sh
    cd /Users/vickeryj/Code/ShopKeep/ipad-register
    /bin/sh -c /Users/vickeryj/Library/Developer/Xcode/DerivedData/Register-dlmcxgbadhnztsghcqpohfkxibhk/Build/Intermediates/Register.build/Test-iphonesimulator/register.build/Script-52C7B392640A4CDDB5B85816.sh
/Users/vickeryj/Code/ShopKeep/ipad-register/Pods/PayPalHereSDK/SDK/nohw/Release/PayPalHereSDK.bundle
/Users/vickeryj/Code/ShopKeep/ipad-register/Pods/SAMCategories/SAMCategories/SAMCategories.bundle
/Users/vickeryj/Library/Developer/Xcode/DerivedData/Register-dlmcxgbadhnztsghcqpohfkxibhk/Build/Products/Test-iphonesimulator/HockeySDKResources.bundle
/Users/vickeryj/Library/Developer/Xcode/DerivedData/Register-dlmcxgbadhnztsghcqpohfkxibhk/Build/Products/Test-iphonesimulator/SKBackgroundJobModels.bundle
/Users/vickeryj/Library/Developer/Xcode/DerivedData/Register-dlmcxgbadhnztsghcqpohfkxibhk/Build/Products/Test-iphonesimulator/SKBackofficeSDKResources.bundle
building file list ... done

sent 3812 bytes  received 20 bytes  7664.00 bytes/sec
total size is 4655291  speedup is 1214.85
/* com.apple.actool.compilation-results */
/Users/vickeryj/Library/Developer/Xcode/DerivedData/Register-dlmcxgbadhnztsghcqpohfkxibhk/Build/Products/Test-iphonesimulator/ShopKeep Register.app/Assets.car


PhaseScriptExecution Objective\ Clean /Users/vickeryj/Library/Developer/Xcode/DerivedData/Register-dlmcxgbadhnztsghcqpohfkxibhk/Build/Intermediates/Register.build/Test-iphonesimulator/register.build/Script-FDC28ACA18942F6D00BA1979.sh
    cd /Users/vickeryj/Code/ShopKeep/ipad-register
    setenv ACTION build
    setenv AD_HOC_CODE_SIGNING_ALLOWED NO
    setenv ALTERNATE_GROUP staff
    setenv ALTERNATE_MODE u+w,go-w,a+rX
    setenv ALTERNATE_OWNER vickeryj
    setenv ALWAYS_SEARCH_USER_PATHS YES
    setenv ALWAYS_USE_SEPARATE_HEADERMAPS YES
    setenv APPLE_INTERNAL_DEVELOPER_DIR /AppleInternal/Developer
    setenv APPLE_INTERNAL_DIR /AppleInternal
    setenv APPLE_INTERNAL_DOCUMENTATION_DIR /AppleInternal/Documentation
    setenv APPLE_INTERNAL_LIBRARY_DIR /AppleInternal/Library
    setenv APPLE_INTERNAL_TOOLS /AppleInternal/Developer/Tools
    setenv APPLY_RULES_IN_COPY_FILES NO
    setenv ARCHS i386
    setenv ARCHS_STANDARD i386
    setenv ARCHS_STANDARD_32_64_BIT i386
    setenv ARCHS_STANDARD_32_BIT i386
    setenv ARCHS_STANDARD_64_BIT x86_64
    setenv ARCHS_STANDARD_INCLUDING_64_BIT "i386 x86_64"
    setenv ASSETCATALOG_COMPILER_APPICON_NAME AppIcon
    setenv ASSETCATALOG_COMPILER_LAUNCHIMAGE_NAME LaunchImage
    setenv AVAILABLE_PLATFORMS "iphonesimulator macosx iphoneos"
    setenv BUILD_COMPONENTS "headers build"
    setenv BUILD_DIR /Users/vickeryj/Library/Developer/Xcode/DerivedData/Register-dlmcxgbadhnztsghcqpohfkxibhk/Build/Products
    setenv BUILD_ROOT /Users/vickeryj/Library/Developer/Xcode/DerivedData/Register-dlmcxgbadhnztsghcqpohfkxibhk/Build/Products
    setenv BUILD_STYLE 
    setenv BUILD_VARIANTS normal
    setenv BUILT_PRODUCTS_DIR /Users/vickeryj/Library/Developer/Xcode/DerivedData/Register-dlmcxgbadhnztsghcqpohfkxibhk/Build/Products/Test-iphonesimulator
    setenv CACHE_ROOT /var/folders/4d/rd_m6b915fs8_7rb237k0ym40000gn/C/com.apple.DeveloperTools/5.0.2-5A3005/Xcode
    setenv CCHROOT /var/folders/4d/rd_m6b915fs8_7rb237k0ym40000gn/C/com.apple.DeveloperTools/5.0.2-5A3005/Xcode
    setenv CHMOD /bin/chmod
    setenv CHOWN /usr/sbin/chown
    setenv CLANG_ENABLE_MODULES YES
    setenv CLANG_ENABLE_OBJC_ARC YES
    setenv CLASS_FILE_DIR /Users/vickeryj/Library/Developer/Xcode/DerivedData/Register-dlmcxgbadhnztsghcqpohfkxibhk/Build/Intermediates/Register.build/Test-iphonesimulator/register.build/JavaClasses
    setenv CLEAN_PRECOMPS YES
    setenv CLONE_HEADERS NO
    setenv CODESIGNING_FOLDER_PATH "/Users/vickeryj/Library/Developer/Xcode/DerivedData/Register-dlmcxgbadhnztsghcqpohfkxibhk/Build/Products/Test-iphonesimulator/ShopKeep Register.app"
    setenv CODE_SIGNING_ALLOWED NO
    setenv CODE_SIGN_CONTEXT_CLASS XCiPhoneSimulatorCodeSignContext
    setenv CODE_SIGN_IDENTITY "iPhone Developer"
    setenv COLOR_DIAGNOSTICS NO
    setenv COMBINE_HIDPI_IMAGES NO
    setenv COMMAND_MODE legacy
    setenv COMPOSITE_SDK_DIRS /var/folders/4d/rd_m6b915fs8_7rb237k0ym40000gn/C/com.apple.DeveloperTools/5.0.2-5A3005/Xcode/CompositeSDKs
    setenv COMPRESS_PNG_FILES YES
    setenv CONFIGURATION Test
    setenv CONFIGURATION_BUILD_DIR /Users/vickeryj/Library/Developer/Xcode/DerivedData/Register-dlmcxgbadhnztsghcqpohfkxibhk/Build/Products/Test-iphonesimulator
    setenv CONFIGURATION_TEMP_DIR /Users/vickeryj/Library/Developer/Xcode/DerivedData/Register-dlmcxgbadhnztsghcqpohfkxibhk/Build/Intermediates/Register.build/Test-iphonesimulator
    setenv CONTENTS_FOLDER_PATH "ShopKeep Register.app"
    setenv COPYING_PRESERVES_HFS_DATA NO
    setenv COPY_PHASE_STRIP NO
    setenv COPY_RESOURCES_FROM_STATIC_FRAMEWORKS YES
    setenv CP /bin/cp
    setenv CREATE_INFOPLIST_SECTION_IN_BINARY NO
    setenv CURRENT_ARCH i386
    setenv CURRENT_VARIANT normal
    setenv DEAD_CODE_STRIPPING NO
    setenv DEBUGGING_SYMBOLS YES
    setenv DEBUG_INFORMATION_FORMAT dwarf-with-dsym
    setenv DEFAULT_COMPILER com.apple.compilers.llvm.clang.1_0
    setenv DEFAULT_KEXT_INSTALL_PATH /System/Library/Extensions
    setenv DEPLOYMENT_LOCATION NO
    setenv DEPLOYMENT_POSTPROCESSING NO
    setenv DERIVED_FILES_DIR /Users/vickeryj/Library/Developer/Xcode/DerivedData/Register-dlmcxgbadhnztsghcqpohfkxibhk/Build/Intermediates/Register.build/Test-iphonesimulator/register.build/DerivedSources
    setenv DERIVED_FILE_DIR /Users/vickeryj/Library/Developer/Xcode/DerivedData/Register-dlmcxgbadhnztsghcqpohfkxibhk/Build/Intermediates/Register.build/Test-iphonesimulator/register.build/DerivedSources
    setenv DERIVED_SOURCES_DIR /Users/vickeryj/Library/Developer/Xcode/DerivedData/Register-dlmcxgbadhnztsghcqpohfkxibhk/Build/Intermediates/Register.build/Test-iphonesimulator/register.build/DerivedSources
    setenv DEVELOPER_APPLICATIONS_DIR /Applications/Xcode.app/Contents/Developer/Applications
    setenv DEVELOPER_BIN_DIR /Applications/Xcode.app/Contents/Developer/usr/bin
    setenv DEVELOPER_DIR /Applications/Xcode.app/Contents/Developer
    setenv DEVELOPER_FRAMEWORKS_DIR /Applications/Xcode.app/Contents/Developer/Library/Frameworks
    setenv DEVELOPER_FRAMEWORKS_DIR_QUOTED /Applications/Xcode.app/Contents/Developer/Library/Frameworks
    setenv DEVELOPER_LIBRARY_DIR /Applications/Xcode.app/Contents/Developer/Library
    setenv DEVELOPER_SDK_DIR /Applications/Xcode.app/Contents/Developer/Platforms/MacOSX.platform/Developer/SDKs
    setenv DEVELOPER_TOOLS_DIR /Applications/Xcode.app/Contents/Developer/Tools
    setenv DEVELOPER_USR_DIR /Applications/Xcode.app/Contents/Developer/usr
    setenv DEVELOPMENT_LANGUAGE English
    setenv DOCUMENTATION_FOLDER_PATH "ShopKeep Register.app/English.lproj/Documentation"
    setenv DO_HEADER_SCANNING_IN_JAM NO
    setenv DSTROOT /tmp/Register.dst
    setenv DT_TOOLCHAIN_DIR /Applications/Xcode.app/Contents/Developer/Toolchains/XcodeDefault.xctoolchain
    setenv DWARF_DSYM_FILE_NAME "ShopKeep Register.app.dSYM"
    setenv DWARF_DSYM_FILE_SHOULD_ACCOMPANY_PRODUCT NO
    setenv DWARF_DSYM_FOLDER_PATH /Users/vickeryj/Library/Developer/Xcode/DerivedData/Register-dlmcxgbadhnztsghcqpohfkxibhk/Build/Products/Test-iphonesimulator
    setenv EFFECTIVE_PLATFORM_NAME -iphonesimulator
    setenv ENABLE_HEADER_DEPENDENCIES YES
    setenv EXCLUDED_INSTALLSRC_SUBDIRECTORY_PATTERNS ".DS_Store .svn .git .hg CVS"
    setenv EXCLUDED_RECURSIVE_SEARCH_PATH_SUBDIRECTORIES "*.nib *.lproj *.framework *.gch (*) .DS_Store CVS .svn .git .hg *.xcodeproj *.xcode *.pbproj *.pbxproj"
    setenv EXECUTABLES_FOLDER_PATH "ShopKeep Register.app/Executables"
    setenv EXECUTABLE_FOLDER_PATH "ShopKeep Register.app"
    setenv EXECUTABLE_NAME "ShopKeep Register"
    setenv EXECUTABLE_PATH "ShopKeep Register.app/ShopKeep Register"
    setenv FILE_LIST /Users/vickeryj/Library/Developer/Xcode/DerivedData/Register-dlmcxgbadhnztsghcqpohfkxibhk/Build/Intermediates/Register.build/Test-iphonesimulator/register.build/Objects/LinkFileList
    setenv FIXED_FILES_DIR /Users/vickeryj/Library/Developer/Xcode/DerivedData/Register-dlmcxgbadhnztsghcqpohfkxibhk/Build/Intermediates/Register.build/Test-iphonesimulator/register.build/FixedFiles
    setenv FRAMEWORKS_FOLDER_PATH "ShopKeep Register.app/Frameworks"
    setenv FRAMEWORK_FLAG_PREFIX -framework
    setenv FRAMEWORK_SEARCH_PATHS "/Users/vickeryj/Library/Developer/Xcode/DerivedData/Register-dlmcxgbadhnztsghcqpohfkxibhk/Build/Products/Test-iphonesimulator \"/Users/vickeryj/Code/ShopKeep/ipad-register/Pods/HockeySDK/Vendor\" \"/Users/vickeryj/Code/ShopKeep/ipad-register/Pods/PayPalHereSDK/SDK/nohw/Release/\" \"/Users/vickeryj/Code/ShopKeep/ipad-register/Pods/SKBackofficeSDK/vendors\" \"/Users/vickeryj/Code/ShopKeep/ipad-register/vendor/Printer\""
    setenv FRAMEWORK_VERSION A
    setenv FULL_PRODUCT_NAME "ShopKeep Register.app"
    setenv GCC3_VERSION 3.3
    setenv GCC_C_LANGUAGE_STANDARD c99
    setenv GCC_DYNAMIC_NO_PIC NO
    setenv GCC_GENERATE_TEST_COVERAGE_FILES YES
    setenv GCC_INLINES_ARE_PRIVATE_EXTERN YES
    setenv GCC_INSTRUMENT_PROGRAM_FLOW_ARCS YES
    setenv GCC_OBJC_LEGACY_DISPATCH YES
    setenv GCC_OPTIMIZATION_LEVEL s
    setenv GCC_PFE_FILE_C_DIALECTS "c objective-c c++ objective-c++"
    setenv GCC_PRECOMPILE_PREFIX_HEADER YES
    setenv GCC_PREFIX_HEADER Register_Prefix.pch
    setenv GCC_PREPROCESSOR_DEFINITIONS " COCOAPODS=1  BITHOCKEY_VERSION=\"@\\\"3.5.0rc2\\\"\""
    setenv GCC_PREPROCESSOR_DEFINITIONS_NOT_USED_IN_PRECOMPS "CONFIGURATION=Test Configuration_Test"
    setenv GCC_SYMBOLS_PRIVATE_EXTERN NO
    setenv GCC_TREAT_IMPLICIT_FUNCTION_DECLARATIONS_AS_ERRORS YES
    setenv GCC_TREAT_INCOMPATIBLE_POINTER_TYPE_WARNINGS_AS_ERRORS YES
    setenv GCC_TREAT_WARNINGS_AS_ERRORS YES
    setenv GCC_VERSION com.apple.compilers.llvm.clang.1_0
    setenv GCC_VERSION_IDENTIFIER com_apple_compilers_llvm_clang_1_0
    setenv GCC_WARN_ABOUT_RETURN_TYPE YES
    setenv GCC_WARN_UNDECLARED_SELECTOR YES
    setenv GCC_WARN_UNUSED_VARIABLE YES
    setenv GENERATE_MASTER_OBJECT_FILE NO
    setenv GENERATE_PKGINFO_FILE YES
    setenv GENERATE_PROFILING_CODE NO
    setenv GID 20
    setenv GROUP staff
    setenv HEADERMAP_INCLUDES_FLAT_ENTRIES_FOR_TARGET_BEING_BUILT YES
    setenv HEADERMAP_INCLUDES_FRAMEWORK_ENTRIES_FOR_ALL_PRODUCT_TYPES YES
    setenv HEADERMAP_INCLUDES_NONPUBLIC_NONPRIVATE_HEADERS YES
    setenv HEADERMAP_INCLUDES_PROJECT_HEADERS YES
    setenv HEADER_SEARCH_PATHS "/Users/vickeryj/Library/Developer/Xcode/DerivedData/Register-dlmcxgbadhnztsghcqpohfkxibhk/Build/Products/Test-iphonesimulator/include \"/Users/vickeryj/Code/ShopKeep/ipad-register/Pods/Headers\" \"/Users/vickeryj/Code/ShopKeep/ipad-register/Pods/Headers/AFNetworking\" \"/Users/vickeryj/Code/ShopKeep/ipad-register/Pods/Headers/BlocksKit\" \"/Users/vickeryj/Code/ShopKeep/ipad-register/Pods/Headers/Bolts\" \"/Users/vickeryj/Code/ShopKeep/ipad-register/Pods/Headers/CocoaLumberjack\" \"/Users/vickeryj/Code/ShopKeep/ipad-register/Pods/Headers/Expecta\" \"/Users/vickeryj/Code/ShopKeep/ipad-register/Pods/Headers/FXBlurView\" \"/Users/vickeryj/Code/ShopKeep/ipad-register/Pods/Headers/GBDeviceInfo\" \"/Users/vickeryj/Code/ShopKeep/ipad-register/Pods/Headers/HexColors\" \"/Users/vickeryj/Code/ShopKeep/ipad-register/Pods/Headers/HockeySDK\" \"/Users/vickeryj/Code/ShopKeep/ipad-register/Pods/Headers/JSQSystemSoundPlayer\" \"/Users/vickeryj/Code/ShopKeep/ipad-register/Pods/Headers/KIF\" \"/Users/vickeryj/Code/ShopKeep/ipad-register/Pods/Headers/Kiwi\" \"/Users/vickeryj/Code/ShopKeep/ipad-register/Pods/Headers/MagicalRecord\" \"/Users/vickeryj/Code/ShopKeep/ipad-register/Pods/Headers/Masonry\" \"/Users/vickeryj/Code/ShopKeep/ipad-register/Pods/Headers/Mixpanel\" \"/Users/vickeryj/Code/ShopKeep/ipad-register/Pods/Headers/NPReachability\" \"/Users/vickeryj/Code/ShopKeep/ipad-register/Pods/Headers/NSData+Base64\" \"/Users/vickeryj/Code/ShopKeep/ipad-register/Pods/Headers/Nocilla\" \"/Users/vickeryj/Code/ShopKeep/ipad-register/Pods/Headers/OCMock\" \"/Users/vickeryj/Code/ShopKeep/ipad-register/Pods/Headers/PayPalHereSDK\" \"/Users/vickeryj/Code/ShopKeep/ipad-register/Pods/Headers/SAMCategories\" \"/Users/vickeryj/Code/ShopKeep/ipad-register/Pods/Headers/SBJson\" \"/Users/vickeryj/Code/ShopKeep/ipad-register/Pods/Headers/SKBackgroundJob\" \"/Users/vickeryj/Code/ShopKeep/ipad-register/Pods/Headers/SKBackofficeSDK\" \"/Users/vickeryj/Code/ShopKeep/ipad-register/Pods/Headers/SSKeychain\" \"/Users/vickeryj/Code/ShopKeep/ipad-register/Pods/Headers/STPTransitions\" \"/Users/vickeryj/Code/ShopKeep/ipad-register/Pods/Headers/Specta\" \"/Users/vickeryj/Code/ShopKeep/ipad-register/Pods/Headers/UIImage+PDF\" \"/Users/vickeryj/Code/ShopKeep/ipad-register/Pods/Headers/libffi\" \"/Users/vickeryj/Code/ShopKeep/ipad-register/Pods/Headers/objective-zip\""
    setenv ICONV /usr/bin/iconv
    setenv INFOPLIST_EXPAND_BUILD_SETTINGS YES
    setenv INFOPLIST_FILE Register.plist
    setenv INFOPLIST_OUTPUT_FORMAT binary
    setenv INFOPLIST_PATH "ShopKeep Register.app/Info.plist"
    setenv INFOPLIST_PREPROCESS NO
    setenv INFOSTRINGS_PATH "ShopKeep Register.app/English.lproj/InfoPlist.strings"
    setenv INSTALL_DIR /tmp/Register.dst/Applications
    setenv INSTALL_GROUP staff
    setenv INSTALL_MODE_FLAG u+w,go-w,a+rX
    setenv INSTALL_OWNER vickeryj
    setenv INSTALL_PATH /Applications
    setenv INSTALL_ROOT /tmp/Register.dst
    setenv IPHONEOS_DEPLOYMENT_TARGET 7.0
    setenv JAVAC_DEFAULT_FLAGS "-J-Xms64m -J-XX:NewSize=4M -J-Dfile.encoding=UTF8"
    setenv JAVA_APP_STUB /System/Library/Frameworks/JavaVM.framework/Resources/MacOS/JavaApplicationStub
    setenv JAVA_ARCHIVE_CLASSES YES
    setenv JAVA_ARCHIVE_TYPE JAR
    setenv JAVA_COMPILER /usr/bin/javac
    setenv JAVA_FOLDER_PATH "ShopKeep Register.app/Java"
    setenv JAVA_FRAMEWORK_RESOURCES_DIRS Resources
    setenv JAVA_JAR_FLAGS cv
    setenv JAVA_SOURCE_SUBDIR .
    setenv JAVA_USE_DEPENDENCIES YES
    setenv JAVA_ZIP_FLAGS -urg
    setenv JIKES_DEFAULT_FLAGS "+E +OLDCSO"
    setenv KEEP_PRIVATE_EXTERNS NO
    setenv LD_DEPENDENCY_INFO_FILE "/Users/vickeryj/Library/Developer/Xcode/DerivedData/Register-dlmcxgbadhnztsghcqpohfkxibhk/Build/Intermediates/Register.build/Test-iphonesimulator/register.build/Objects-normal/i386/ShopKeep Register_dependency_info.dat"
    setenv LD_GENERATE_MAP_FILE NO
    setenv LD_MAP_FILE_PATH "/Users/vickeryj/Library/Developer/Xcode/DerivedData/Register-dlmcxgbadhnztsghcqpohfkxibhk/Build/Intermediates/Register.build/Test-iphonesimulator/register.build/ShopKeep Register-LinkMap-normal-i386.txt"
    setenv LD_NO_PIE NO
    setenv LD_QUOTE_LINKER_ARGUMENTS_FOR_COMPILER_DRIVER YES
    setenv LEGACY_DEVELOPER_DIR /Applications/Xcode.app/Contents/PlugIns/Xcode3Core.ideplugin/Contents/SharedSupport/Developer
    setenv LEX lex
    setenv LIBRARY_FLAG_NOSPACE YES
    setenv LIBRARY_FLAG_PREFIX -l
    setenv LIBRARY_KEXT_INSTALL_PATH /Library/Extensions
    setenv LIBRARY_SEARCH_PATHS "/Users/vickeryj/Library/Developer/Xcode/DerivedData/Register-dlmcxgbadhnztsghcqpohfkxibhk/Build/Products/Test-iphonesimulator  \"/Users/vickeryj/Code/ShopKeep/ipad-register/vendor/MagTek\""
    setenv LINKER_DISPLAYS_MANGLED_NAMES NO
    setenv LINK_FILE_LIST_normal_i386 "/Users/vickeryj/Library/Developer/Xcode/DerivedData/Register-dlmcxgbadhnztsghcqpohfkxibhk/Build/Intermediates/Register.build/Test-iphonesimulator/register.build/Objects-normal/i386/ShopKeep Register.LinkFileList"
    setenv LINK_WITH_STANDARD_LIBRARIES YES
    setenv LOCALIZED_RESOURCES_FOLDER_PATH "ShopKeep Register.app/English.lproj"
    setenv LOCAL_ADMIN_APPS_DIR /Applications/Utilities
    setenv LOCAL_APPS_DIR /Applications
    setenv LOCAL_DEVELOPER_DIR /Library/Developer
    setenv LOCAL_LIBRARY_DIR /Library
    setenv MACH_O_TYPE mh_execute
    setenv MACOSX_DEPLOYMENT_TARGET 10.6
    setenv MAC_OS_X_PRODUCT_BUILD_VERSION 13C64
    setenv MAC_OS_X_VERSION_ACTUAL 1092
    setenv MAC_OS_X_VERSION_MAJOR 1090
    setenv MAC_OS_X_VERSION_MINOR 0902
    setenv MODULE_CACHE_DIR /Users/vickeryj/Library/Developer/Xcode/DerivedData/ModuleCache
    setenv NATIVE_ARCH i386
    setenv NATIVE_ARCH_32_BIT i386
    setenv NATIVE_ARCH_64_BIT x86_64
    setenv NATIVE_ARCH_ACTUAL x86_64
    setenv NO_COMMON YES
    setenv OBJC_ABI_VERSION 2
    setenv OBJECT_FILE_DIR /Users/vickeryj/Library/Developer/Xcode/DerivedData/Register-dlmcxgbadhnztsghcqpohfkxibhk/Build/Intermediates/Register.build/Test-iphonesimulator/register.build/Objects
    setenv OBJECT_FILE_DIR_normal /Users/vickeryj/Library/Developer/Xcode/DerivedData/Register-dlmcxgbadhnztsghcqpohfkxibhk/Build/Intermediates/Register.build/Test-iphonesimulator/register.build/Objects-normal
    setenv OBJROOT /Users/vickeryj/Library/Developer/Xcode/DerivedData/Register-dlmcxgbadhnztsghcqpohfkxibhk/Build/Intermediates
    setenv ONLY_ACTIVE_ARCH NO
    setenv OPTIMIZATION_LEVEL 0
    setenv OS MACOS
    setenv OSAC /usr/bin/osacompile
    setenv OTHER_LDFLAGS "-ObjC -Wl,-no_compact_unwind -lsqlite3.0 -lz -framework Accelerate -framework AudioToolbox -framework CFNetwork -framework CoreData -framework CoreGraphics -framework CoreLocation -framework CoreTelephony -framework CoreText -framework CrashReporter -framework ExternalAccessory -framework Foundation -framework MessageUI -framework MobileCoreServices -framework PayPalHereSDK -framework QuartzCore -framework Security -framework StarIO -framework SystemConfiguration -framework UIKit"
    setenv PACKAGE_TYPE com.apple.package-type.wrapper.application
    setenv PASCAL_STRINGS YES
    setenv PATH "/Applications/Xcode.app/Contents/Developer/Toolchains/XcodeDefault.xctoolchain/usr/bin:/Applications/Xcode.app/Contents/Developer/Toolchains/XcodeDefault.xctoolchain/usr/libexec:/Applications/Xcode.app/Contents/Developer/Platforms/iPhoneSimulator.platform/Developer/usr/bin:/Applications/Xcode.app/Contents/Developer/Platforms/iPhoneSimulator.platform/Developer/usr/local/bin:/Applications/Xcode.app/Contents/Developer/Platforms/iPhoneSimulator.platform/usr/bin:/Applications/Xcode.app/Contents/Developer/Platforms/iPhoneSimulator.platform/usr/local/bin:/Applications/Xcode.app/Contents/Developer/usr/bin:/Applications/Xcode.app/Contents/Developer/usr/local/bin:/Applications/Xcode.app/Contents/Developer/Tools:/opt/local/bin:/opt/local/sbin:/Users/vickeryj/.rvm/gems/ruby-1.9.3-p194/bin:/Users/vickeryj/.rvm/gems/ruby-1.9.3-p194@global/bin:/Users/vickeryj/.rvm/rubies/ruby-1.9.3-p194/bin:/Users/vickeryj/.rvm/bin:/Users/vickeryj/bin:/usr/bin:/bin:/usr/sbin:/sbin:/usr/local/bin:/usr/local/git/bin:/Users/vickeryj/Programs/mongodb-osx-i386-2.0.6/bin"
    setenv PATH_PREFIXES_EXCLUDED_FROM_HEADER_DEPENDENCIES "/usr/include /usr/local/include /System/Library/Frameworks /System/Library/PrivateFrameworks /Applications/Xcode.app/Contents/Developer/Headers /Applications/Xcode.app/Contents/Developer/SDKs /Applications/Xcode.app/Contents/Developer/Platforms"
    setenv PBDEVELOPMENTPLIST_PATH "ShopKeep Register.app/pbdevelopment.plist"
    setenv PFE_FILE_C_DIALECTS objective-c
    setenv PKGINFO_FILE_PATH /Users/vickeryj/Library/Developer/Xcode/DerivedData/Register-dlmcxgbadhnztsghcqpohfkxibhk/Build/Intermediates/Register.build/Test-iphonesimulator/register.build/PkgInfo
    setenv PKGINFO_PATH "ShopKeep Register.app/PkgInfo"
    setenv PLATFORM_DEVELOPER_APPLICATIONS_DIR /Applications/Xcode.app/Contents/Developer/Platforms/iPhoneSimulator.platform/Developer/Applications
    setenv PLATFORM_DEVELOPER_BIN_DIR /Applications/Xcode.app/Contents/Developer/Platforms/iPhoneSimulator.platform/Developer/usr/bin
    setenv PLATFORM_DEVELOPER_LIBRARY_DIR /Applications/Xcode.app/Contents/PlugIns/Xcode3Core.ideplugin/Contents/SharedSupport/Developer/Library
    setenv PLATFORM_DEVELOPER_SDK_DIR /Applications/Xcode.app/Contents/Developer/Platforms/iPhoneSimulator.platform/Developer/SDKs
    setenv PLATFORM_DEVELOPER_TOOLS_DIR /Applications/Xcode.app/Contents/Developer/Platforms/iPhoneSimulator.platform/Developer/Tools
    setenv PLATFORM_DEVELOPER_USR_DIR /Applications/Xcode.app/Contents/Developer/Platforms/iPhoneSimulator.platform/Developer/usr
    setenv PLATFORM_DIR /Applications/Xcode.app/Contents/Developer/Platforms/iPhoneSimulator.platform
    setenv PLATFORM_NAME iphonesimulator
    setenv PLATFORM_PREFERRED_ARCH i386
    setenv PLATFORM_PRODUCT_BUILD_VERSION 11B508
    setenv PLATFORM_VERSION_AVAILABILITY_H_FORMAT 70000
    setenv PLIST_FILE_OUTPUT_FORMAT binary
    setenv PLUGINS_FOLDER_PATH "ShopKeep Register.app/PlugIns"
    setenv PODS_ROOT /Users/vickeryj/Code/ShopKeep/ipad-register/Pods
    setenv PRECOMPS_INCLUDE_HEADERS_FROM_BUILT_PRODUCTS_DIR YES
    setenv PRECOMP_DESTINATION_DIR /Users/vickeryj/Library/Developer/Xcode/DerivedData/Register-dlmcxgbadhnztsghcqpohfkxibhk/Build/Intermediates/Register.build/Test-iphonesimulator/register.build/PrefixHeaders
    setenv PRESERVE_DEAD_CODE_INITS_AND_TERMS NO
    setenv PRIVATE_HEADERS_FOLDER_PATH "ShopKeep Register.app/PrivateHeaders"
    setenv PRODUCT_NAME "ShopKeep Register"
    setenv PRODUCT_SETTINGS_PATH /Users/vickeryj/Code/ShopKeep/ipad-register/Register.plist
    setenv PRODUCT_TYPE com.apple.product-type.application
    setenv PROFILING_CODE NO
    setenv PROJECT Register
    setenv PROJECT_DERIVED_FILE_DIR /Users/vickeryj/Library/Developer/Xcode/DerivedData/Register-dlmcxgbadhnztsghcqpohfkxibhk/Build/Intermediates/Register.build/DerivedSources
    setenv PROJECT_DIR /Users/vickeryj/Code/ShopKeep/ipad-register
    setenv PROJECT_FILE_PATH /Users/vickeryj/Code/ShopKeep/ipad-register/Register.xcodeproj
    setenv PROJECT_NAME Register
    setenv PROJECT_TEMP_DIR /Users/vickeryj/Library/Developer/Xcode/DerivedData/Register-dlmcxgbadhnztsghcqpohfkxibhk/Build/Intermediates/Register.build
    setenv PROJECT_TEMP_ROOT /Users/vickeryj/Library/Developer/Xcode/DerivedData/Register-dlmcxgbadhnztsghcqpohfkxibhk/Build/Intermediates
    setenv PUBLIC_HEADERS_FOLDER_PATH "ShopKeep Register.app/Headers"
    setenv RECURSIVE_SEARCH_PATHS_FOLLOW_SYMLINKS YES
    setenv REMOVE_CVS_FROM_RESOURCES YES
    setenv REMOVE_GIT_FROM_RESOURCES YES
    setenv REMOVE_HG_FROM_RESOURCES YES
    setenv REMOVE_SVN_FROM_RESOURCES YES
    setenv REZ_COLLECTOR_DIR /Users/vickeryj/Library/Developer/Xcode/DerivedData/Register-dlmcxgbadhnztsghcqpohfkxibhk/Build/Intermediates/Register.build/Test-iphonesimulator/register.build/ResourceManagerResources
    setenv REZ_OBJECTS_DIR /Users/vickeryj/Library/Developer/Xcode/DerivedData/Register-dlmcxgbadhnztsghcqpohfkxibhk/Build/Intermediates/Register.build/Test-iphonesimulator/register.build/ResourceManagerResources/Objects
    setenv REZ_SEARCH_PATHS "/Users/vickeryj/Library/Developer/Xcode/DerivedData/Register-dlmcxgbadhnztsghcqpohfkxibhk/Build/Products/Test-iphonesimulator "
    setenv RUN_CLANG_STATIC_ANALYZER NO
    setenv SCAN_ALL_SOURCE_FILES_FOR_INCLUDES YES
    setenv SCRIPTS_FOLDER_PATH "ShopKeep Register.app/Scripts"
    setenv SCRIPT_INPUT_FILE_COUNT 0
    setenv SCRIPT_OUTPUT_FILE_COUNT 0
    setenv SDKROOT /Applications/Xcode.app/Contents/Developer/Platforms/iPhoneSimulator.platform/Developer/SDKs/iPhoneSimulator7.0.sdk
    setenv SDK_DIR /Applications/Xcode.app/Contents/Developer/Platforms/iPhoneSimulator.platform/Developer/SDKs/iPhoneSimulator7.0.sdk
    setenv SDK_NAME iphonesimulator7.0
    setenv SDK_PRODUCT_BUILD_VERSION 11B508
    setenv SED /usr/bin/sed
    setenv SEPARATE_STRIP NO
    setenv SEPARATE_SYMBOL_EDIT NO
    setenv SET_DIR_MODE_OWNER_GROUP YES
    setenv SET_FILE_MODE_OWNER_GROUP NO
    setenv SHALLOW_BUNDLE YES
    setenv SHARED_DERIVED_FILE_DIR /Users/vickeryj/Library/Developer/Xcode/DerivedData/Register-dlmcxgbadhnztsghcqpohfkxibhk/Build/Products/Test-iphonesimulator/DerivedSources
    setenv SHARED_FRAMEWORKS_FOLDER_PATH "ShopKeep Register.app/SharedFrameworks"
    setenv SHARED_PRECOMPS_DIR /Users/vickeryj/Library/Developer/Xcode/DerivedData/Register-dlmcxgbadhnztsghcqpohfkxibhk/Build/Intermediates/PrecompiledHeaders
    setenv SHARED_SUPPORT_FOLDER_PATH "ShopKeep Register.app/SharedSupport"
    setenv SKIP_INSTALL NO
    setenv SOURCE_ROOT /Users/vickeryj/Code/ShopKeep/ipad-register
    setenv SRCROOT /Users/vickeryj/Code/ShopKeep/ipad-register
    setenv STRINGS_FILE_OUTPUT_ENCODING binary
    setenv STRIP_INSTALLED_PRODUCT YES
    setenv STRIP_STYLE all
    setenv SUPPORTED_DEVICE_FAMILIES "1 2"
    setenv SUPPORTED_PLATFORMS "iphonesimulator iphoneos"
    setenv SYMROOT /Users/vickeryj/Library/Developer/Xcode/DerivedData/Register-dlmcxgbadhnztsghcqpohfkxibhk/Build/Products
    setenv SYSTEM_ADMIN_APPS_DIR /Applications/Utilities
    setenv SYSTEM_APPS_DIR /Applications
    setenv SYSTEM_CORE_SERVICES_DIR /System/Library/CoreServices
    setenv SYSTEM_DEMOS_DIR /Applications/Extras
    setenv SYSTEM_DEVELOPER_APPS_DIR /Applications/Xcode.app/Contents/Developer/Applications
    setenv SYSTEM_DEVELOPER_BIN_DIR /Applications/Xcode.app/Contents/Developer/usr/bin
    setenv SYSTEM_DEVELOPER_DEMOS_DIR "/Applications/Xcode.app/Contents/Developer/Applications/Utilities/Built Examples"
    setenv SYSTEM_DEVELOPER_DIR /Applications/Xcode.app/Contents/Developer
    setenv SYSTEM_DEVELOPER_DOC_DIR "/Applications/Xcode.app/Contents/Developer/ADC Reference Library"
    setenv SYSTEM_DEVELOPER_GRAPHICS_TOOLS_DIR "/Applications/Xcode.app/Contents/Developer/Applications/Graphics Tools"
    setenv SYSTEM_DEVELOPER_JAVA_TOOLS_DIR "/Applications/Xcode.app/Contents/Developer/Applications/Java Tools"
    setenv SYSTEM_DEVELOPER_PERFORMANCE_TOOLS_DIR "/Applications/Xcode.app/Contents/Developer/Applications/Performance Tools"
    setenv SYSTEM_DEVELOPER_RELEASENOTES_DIR "/Applications/Xcode.app/Contents/Developer/ADC Reference Library/releasenotes"
    setenv SYSTEM_DEVELOPER_TOOLS /Applications/Xcode.app/Contents/Developer/Tools
    setenv SYSTEM_DEVELOPER_TOOLS_DOC_DIR "/Applications/Xcode.app/Contents/Developer/ADC Reference Library/documentation/DeveloperTools"
    setenv SYSTEM_DEVELOPER_TOOLS_RELEASENOTES_DIR "/Applications/Xcode.app/Contents/Developer/ADC Reference Library/releasenotes/DeveloperTools"
    setenv SYSTEM_DEVELOPER_USR_DIR /Applications/Xcode.app/Contents/Developer/usr
    setenv SYSTEM_DEVELOPER_UTILITIES_DIR /Applications/Xcode.app/Contents/Developer/Applications/Utilities
    setenv SYSTEM_DOCUMENTATION_DIR /Library/Documentation
    setenv SYSTEM_KEXT_INSTALL_PATH /System/Library/Extensions
    setenv SYSTEM_LIBRARY_DIR /System/Library
    setenv TARGETED_DEVICE_FAMILY 2
    setenv TARGETNAME register
    setenv TARGET_BUILD_DIR /Users/vickeryj/Library/Developer/Xcode/DerivedData/Register-dlmcxgbadhnztsghcqpohfkxibhk/Build/Products/Test-iphonesimulator
    setenv TARGET_NAME register
    setenv TARGET_TEMP_DIR /Users/vickeryj/Library/Developer/Xcode/DerivedData/Register-dlmcxgbadhnztsghcqpohfkxibhk/Build/Intermediates/Register.build/Test-iphonesimulator/register.build
    setenv TEMP_DIR /Users/vickeryj/Library/Developer/Xcode/DerivedData/Register-dlmcxgbadhnztsghcqpohfkxibhk/Build/Intermediates/Register.build/Test-iphonesimulator/register.build
    setenv TEMP_FILES_DIR /Users/vickeryj/Library/Developer/Xcode/DerivedData/Register-dlmcxgbadhnztsghcqpohfkxibhk/Build/Intermediates/Register.build/Test-iphonesimulator/register.build
    setenv TEMP_FILE_DIR /Users/vickeryj/Library/Developer/Xcode/DerivedData/Register-dlmcxgbadhnztsghcqpohfkxibhk/Build/Intermediates/Register.build/Test-iphonesimulator/register.build
    setenv TEMP_ROOT /Users/vickeryj/Library/Developer/Xcode/DerivedData/Register-dlmcxgbadhnztsghcqpohfkxibhk/Build/Intermediates
    setenv TOOLCHAINS com.apple.dt.toolchain.XcodeDefault
    setenv UID 501
    setenv UNLOCALIZED_RESOURCES_FOLDER_PATH "ShopKeep Register.app"
    setenv UNSTRIPPED_PRODUCT NO
    setenv USER vickeryj
    setenv USER_APPS_DIR /Users/vickeryj/Applications
    setenv USER_LIBRARY_DIR /Users/vickeryj/Library
    setenv USE_DYNAMIC_NO_PIC YES
    setenv USE_HEADERMAP YES
    setenv USE_HEADER_SYMLINKS NO
    setenv VALIDATE_PRODUCT NO
    setenv VALID_ARCHS "i386 x86_64"
    setenv VERBOSE_PBXCP NO
    setenv VERSIONPLIST_PATH "ShopKeep Register.app/version.plist"
    setenv VERSION_INFO_BUILDER vickeryj
    setenv VERSION_INFO_FILE "ShopKeep Register_vers.c"
    setenv VERSION_INFO_STRING "\"@(#)PROGRAM:ShopKeep Register  PROJECT:Register-\""
    setenv WRAPPER_EXTENSION app
    setenv WRAPPER_NAME "ShopKeep Register.app"
    setenv WRAPPER_SUFFIX .app
    setenv XCODE_APP_SUPPORT_DIR /Applications/Xcode.app/Contents/Developer/Library/Xcode
    setenv XCODE_PRODUCT_BUILD_VERSION 5A3005
    setenv XCODE_VERSION_ACTUAL 0502
    setenv XCODE_VERSION_MAJOR 0500
    setenv XCODE_VERSION_MINOR 0500
    setenv XPCSERVICES_FOLDER_PATH "ShopKeep Register.app/XPCServices"
    setenv YACC yacc
    setenv arch i386
    setenv variant normal
    /bin/sh -c /Users/vickeryj/Library/Developer/Xcode/DerivedData/Register-dlmcxgbadhnztsghcqpohfkxibhk/Build/Intermediates/Register.build/Test-iphonesimulator/register.build/Script-FDC28ACA18942F6D00BA1979.sh

=== BUILD TARGET RegisterAppTests OF PROJECT Register WITH CONFIGURATION Test ===

Check dependencies

PhaseScriptExecution Check\ Pods\ Manifest.lock /Users/vickeryj/Library/Developer/Xcode/DerivedData/Register-dlmcxgbadhnztsghcqpohfkxibhk/Build/Intermediates/Register.build/Test-iphonesimulator/RegisterAppTests.build/Script-14E3C2E43DB04852A09D0EBE.sh
    cd /Users/vickeryj/Code/ShopKeep/ipad-register
    /bin/sh -c /Users/vickeryj/Library/Developer/Xcode/DerivedData/Register-dlmcxgbadhnztsghcqpohfkxibhk/Build/Intermediates/Register.build/Test-iphonesimulator/RegisterAppTests.build/Script-14E3C2E43DB04852A09D0EBE.sh

PhaseScriptExecution Copy\ Pods\ Resources /Users/vickeryj/Library/Developer/Xcode/DerivedData/Register-dlmcxgbadhnztsghcqpohfkxibhk/Build/Intermediates/Register.build/Test-iphonesimulator/RegisterAppTests.build/Script-251FA4A707854A9DBADDF892.sh
    cd /Users/vickeryj/Code/ShopKeep/ipad-register
    /bin/sh -c /Users/vickeryj/Library/Developer/Xcode/DerivedData/Register-dlmcxgbadhnztsghcqpohfkxibhk/Build/Intermediates/Register.build/Test-iphonesimulator/RegisterAppTests.build/Script-251FA4A707854A9DBADDF892.sh
/Users/vickeryj/Code/ShopKeep/ipad-register/Pods/PayPalHereSDK/SDK/nohw/Release/PayPalHereSDK.bundle
/Users/vickeryj/Code/ShopKeep/ipad-register/Pods/SAMCategories/SAMCategories/SAMCategories.bundle
/Users/vickeryj/Library/Developer/Xcode/DerivedData/Register-dlmcxgbadhnztsghcqpohfkxibhk/Build/Products/Test-iphonesimulator/SKBackgroundJobModels.bundle
building file list ... done

sent 1556 bytes  received 20 bytes  3152.00 bytes/sec
total size is 406943  speedup is 258.21
/* com.apple.actool.compilation-results */
/Users/vickeryj/Library/Developer/Xcode/DerivedData/Register-dlmcxgbadhnztsghcqpohfkxibhk/Build/Products/Test-iphonesimulator/RegisterAppTests.xctest/Assets.car


Test Suite 'All tests' started at 2014-03-06 16:58:49 +0000
Test Suite 'RegisterAppTests.xctest' started at 2014-03-06 16:58:49 +0000
Test Suite 'AppDelegateSpec' started at 2014-03-06 16:58:49 +0000
Test Case '-[AppDelegateSpec SK_AppDelegate_applicationdidFinishLaunchingWithOptions_TagsTheApplicationLaunchedEvent]' started.
2014-03-06 11:58:49.621 ShopKeep Register[56358:70b] CLTilesManagerClient: initialize, sSharedTilesManagerClient
2014-03-06 11:58:49.622 ShopKeep Register[56358:70b] CLTilesManagerClient: init
2014-03-06 11:58:49.622 ShopKeep Register[56358:70b] CLTilesManagerClient: reconnecting, 0xcfb5f80
2014-03-06 11:58:49.762 ShopKeep Register[56358:70b] + 'SK, AppDelegate, -application:didFinishLaunchingWithOptions:, tags the Application Launched event' [PASSED]
Test Case '-[AppDelegateSpec SK_AppDelegate_applicationdidFinishLaunchingWithOptions_TagsTheApplicationLaunchedEvent]' passed (0.231 seconds).
Test Case '-[AppDelegateSpec SK_AppDelegate_cleanRegisterDataAndResetEnvironmentAndShowWelcomeVC_SetsCurrentRegisterToNil]' started.
2014-03-06 11:58:49.788 ShopKeep Register[56358:70b] + 'SK, AppDelegate, -cleanRegisterDataAndResetEnvironmentAndShowWelcomeVC, sets currentRegister to nil' [PASSED]
Test Case '-[AppDelegateSpec SK_AppDelegate_cleanRegisterDataAndResetEnvironmentAndShowWelcomeVC_SetsCurrentRegisterToNil]' passed (0.019 seconds).
Test Case '-[AppDelegateSpec SK_AppDelegate_cleanRegisterDataAndResetEnvironmentAndShowWelcomeVC_DeletesAllData]' started.
2014-03-06 11:58:49.803 ShopKeep Register[56358:70b] + 'SK, AppDelegate, -cleanRegisterDataAndResetEnvironmentAndShowWelcomeVC, deletes all data' [PASSED]
Test Case '-[AppDelegateSpec SK_AppDelegate_cleanRegisterDataAndResetEnvironmentAndShowWelcomeVC_DeletesAllData]' passed (0.014 seconds).
Test Suite 'AppDelegateSpec' finished at 2014-03-06 16:58:49 +0000.
Executed 3 tests, with 0 failures (0 unexpected) in 0.265 (0.266) seconds
Test Suite 'AuthenticationViewControllerSpec' started at 2014-03-06 16:58:49 +0000
Test Case '-[AuthenticationViewControllerSpec SK_AuthenticationViewController_openSupportPageURL_OpensTheSupportPageURL]' started.
2014-03-06 11:58:49.814 ShopKeep Register[56358:70b] + 'SK, AuthenticationViewController, -openSupportPageURL, opens the support page URL' [PASSED]
Test Case '-[AuthenticationViewControllerSpec SK_AuthenticationViewController_openSupportPageURL_OpensTheSupportPageURL]' passed (0.010 seconds).
Test Case '-[AuthenticationViewControllerSpec SK_AuthenticationViewController_attemptSignInWithCode_NoSKEmployeeRoleWithTheSignInCodeExists_DoesNotSignInTheUser]' started.
2014-03-06 11:58:49.827 ShopKeep Register[56358:70b] + 'SK, AuthenticationViewController, -attemptSignInWithCode, no SKEmployeeRole with the sign in code exists, does not sign in the user' [PASSED]
Test Case '-[AuthenticationViewControllerSpec SK_AuthenticationViewController_attemptSignInWithCode_NoSKEmployeeRoleWithTheSignInCodeExists_DoesNotSignInTheUser]' passed (0.012 seconds).
Test Case '-[AuthenticationViewControllerSpec SK_AuthenticationViewController_attemptSignInWithCode_ASKEmployeeRoleWithTheSignInCodeExistsAndHasAnActiveEmployee_TheSKEmployeeRoleBelongsToAManager_PushesTheSKTransactionDrawerViewController]' started.
2014-03-06 11:58:49.843 ShopKeep Register[56358:70b] + 'SK, AuthenticationViewController, -attemptSignInWithCode, a SKEmployeeRole with the sign in code exists and has an active employee, the SKEmployeeRole belongs to a manager, pushes the SKTransactionDrawerViewController' [PASSED]
Test Case '-[AuthenticationViewControllerSpec SK_AuthenticationViewController_attemptSignInWithCode_ASKEmployeeRoleWithTheSignInCodeExistsAndHasAnActiveEmployee_TheSKEmployeeRoleBelongsToAManager_PushesTheSKTransactionDrawerViewController]' passed (0.017 seconds).
Test Case '-[AuthenticationViewControllerSpec SK_AuthenticationViewController_attemptSignInWithCode_ASKEmployeeRoleWithTheSignInCodeExistsAndHasAnActiveEmployee_TheSKEmployeeRoleBelongsToAManager_TagsTheMixpanelEvent]' started.
2014-03-06 11:58:49.855 ShopKeep Register[56358:70b] Warning: Attempt to present <SKWelcomeTourViewController: 0x1387c950> on <SKAuthenticationViewController: 0x1389db10> whose view is not in the window hierarchy!
2014-03-06 11:58:49.855 ShopKeep Register[56358:70b] + 'SK, AuthenticationViewController, -attemptSignInWithCode, a SKEmployeeRole with the sign in code exists and has an active employee, the SKEmployeeRole belongs to a manager, tags the mixpanel event' [PASSED]
Test Case '-[AuthenticationViewControllerSpec SK_AuthenticationViewController_attemptSignInWithCode_ASKEmployeeRoleWithTheSignInCodeExistsAndHasAnActiveEmployee_TheSKEmployeeRoleBelongsToAManager_TagsTheMixpanelEvent]' passed (0.011 seconds).
Test Case '-[AuthenticationViewControllerSpec SK_AuthenticationViewController_attemptSignInWithCode_ASKEmployeeRoleWithTheSignInCodeExistsAndHasAnActiveEmployee_TheSKEmployeeRoleBelongsToAnEmployee_TheShiftIsClosed_DoesNotSignInTheTheUser]' started.
2014-03-06 11:58:49.866 ShopKeep Register[56358:70b] + 'SK, AuthenticationViewController, -attemptSignInWithCode, a SKEmployeeRole with the sign in code exists and has an active employee, the SKEmployeeRole belongs to an employee, the shift is closed, does not sign in the the user' [PASSED]
Test Case '-[AuthenticationViewControllerSpec SK_AuthenticationViewController_attemptSignInWithCode_ASKEmployeeRoleWithTheSignInCodeExistsAndHasAnActiveEmployee_TheSKEmployeeRoleBelongsToAnEmployee_TheShiftIsClosed_DoesNotSignInTheTheUser]' passed (0.010 seconds).
Test Case '-[AuthenticationViewControllerSpec SK_AuthenticationViewController_attemptSignInWithCode_ASKEmployeeRoleWithTheSignInCodeExistsAndHasAnActiveEmployee_TheSKEmployeeRoleBelongsToAnEmployee_TheShiftIsOpen_PushesTheSKTransactionDrawerViewController]' started.
2014-03-06 11:58:49.880 ShopKeep Register[56358:70b] + 'SK, AuthenticationViewController, -attemptSignInWithCode, a SKEmployeeRole with the sign in code exists and has an active employee, the SKEmployeeRole belongs to an employee, the shift is open, pushes the SKTransactionDrawerViewController' [PASSED]
Test Case '-[AuthenticationViewControllerSpec SK_AuthenticationViewController_attemptSignInWithCode_ASKEmployeeRoleWithTheSignInCodeExistsAndHasAnActiveEmployee_TheSKEmployeeRoleBelongsToAnEmployee_TheShiftIsOpen_PushesTheSKTransactionDrawerViewController]' passed (0.013 seconds).
Test Case '-[AuthenticationViewControllerSpec SK_AuthenticationViewController_attemptSignInWithCode_ASKEmployeeRoleWithTheSignInCodeExistsAndHasAnActiveEmployee_TheSKEmployeeRoleBelongsToAnEmployee_TheShiftIsOpen_TagsTheMixpanelEvent]' started.
2014-03-06 11:58:49.892 ShopKeep Register[56358:70b] Warning: Attempt to present <SKWelcomeTourViewController: 0xbe51810> on <SKAuthenticationViewController: 0xbef6b60> whose view is not in the window hierarchy!
2014-03-06 11:58:49.892 ShopKeep Register[56358:70b] + 'SK, AuthenticationViewController, -attemptSignInWithCode, a SKEmployeeRole with the sign in code exists and has an active employee, the SKEmployeeRole belongs to an employee, the shift is open, tags the mixpanel event' [PASSED]
Test Case '-[AuthenticationViewControllerSpec SK_AuthenticationViewController_attemptSignInWithCode_ASKEmployeeRoleWithTheSignInCodeExistsAndHasAnActiveEmployee_TheSKEmployeeRoleBelongsToAnEmployee_TheShiftIsOpen_TagsTheMixpanelEvent]' passed (0.011 seconds).
Test Case '-[AuthenticationViewControllerSpec SK_AuthenticationViewController_titleLabel_WhenTheShiftIsOpen_DisplaysTheStoreNameAndShiftOpen]' started.
